<?xml version="1.0" encoding="UTF-8"?>
<!-- Generated by org.testng.reporters.JUnitXMLReporter -->
<testsuite hostname="sarumathi-Latitude-E5410" ignored="0" name="Default test" tests="10" failures="0" timestamp="28 Sep 2018 11:07:40 GMT" time="34.344" errors="0">
  <testcase name="testLogin" time="8.735" classname="testcases.ExecuteTest"/>
  <testcase name="testLogin" time="7.584" classname="testcases.ExecuteTest"/>
  <testcase name="testLogin" time="0.163" classname="testcases.ExecuteTest"/>
  <testcase name="testLogin" time="0.058" classname="testcases.ExecuteTest"/>
  <testcase name="testLogin" time="0.268" classname="testcases.ExecuteTest"/>
  <testcase name="testLogin" time="3.909" classname="testcases.ExecuteTest"/>
  <testcase name="testLogin" time="8.853" classname="testcases.ExecuteTest"/>
  <testcase name="testLogin" time="0.077" classname="testcases.ExecuteTest"/>
  <testcase name="testLogin" time="0.061" classname="testcases.ExecuteTest"/>
  <testcase name="testLogin" time="3.824" classname="testcases.ExecuteTest"/>
</testsuite> <!-- Default test -->
